This is pdfTeX, Version 3.14159-1.10b (Web2C 7.4.5) (format=pdflatex 2004.4.6)  5 MAY 2006 06:35
**master.tex
(./master.tex{/var/lib/texmf/pdftex/config/pdftex.cfg}
LaTeX2e <2001/06/01>
Babel <v3.7h> and hyphenation patterns for american, french, german, ngerman, n
ohyphenation, loaded.
(/usr/share/texmf/tex/latex/base/book.cls
Document Class: book 2001/04/21 v1.4e Standard LaTeX document class
(/usr/share/texmf/tex/latex/base/bk11.clo
File: bk11.clo 2001/04/21 v1.4e Standard LaTeX file (size option)
)
\c@part=\count79
\c@chapter=\count80
\c@section=\count81
\c@subsection=\count82
\c@subsubsection=\count83
\c@paragraph=\count84
\c@subparagraph=\count85
\c@figure=\count86
\c@table=\count87
\abovecaptionskip=\skip41
\belowcaptionskip=\skip42
\bibindent=\dimen102
)
(/usr/share/texmf/tex/generic/german/german.sty v2.5e 1998-07-08
Package: german 1998/07/08 v2.5e Support for writing german texts (br)
\grmnU@D=\dimen103
)
(/usr/share/texmf/tex/latex/base/fontenc.sty
Package: fontenc 2001/06/05 v1.94 Standard LaTeX package

(/usr/share/texmf/tex/latex/base/t1enc.def
File: t1enc.def 2001/06/05 v1.94 Standard LaTeX file
LaTeX Font Info:    Redeclaring font encoding T1 on input line 38.
))
(/usr/share/texmf/tex/latex/base/inputenc.sty
Package: inputenc 2001/07/10 v0.99a Input encoding file 

(/usr/share/texmf/tex/latex/base/latin1.def
File: latin1.def 2001/07/10 v0.99a Input encoding file 
))
(/usr/share/texmf/tex/latex/misc/a4wide.sty
Package: a4wide 1994/08/30

(/usr/share/texmf/tex/latex/ntgclass/a4.sty
Package: a4 1999/03/03 v1.2f A4 based page layout
))
(/usr/share/texmf/tex/latex/ae/ae.sty
Package: ae 2001/02/12 1.3 Almost European Computer Modern

(/usr/share/texmf/tex/latex/base/fontenc.sty
Package: fontenc 2001/06/05 v1.94 Standard LaTeX package

(/usr/share/texmf/tex/latex/base/t1enc.def
File: t1enc.def 2001/06/05 v1.94 Standard LaTeX file
LaTeX Font Info:    Redeclaring font encoding T1 on input line 38.
)
LaTeX Font Info:    Try loading font information for T1+aer on input line 95.

(/usr/share/texmf/tex/latex/ae/t1aer.fd
File: t1aer.fd 1997/11/16 Font definitions for T1/aer.
)))
(/usr/share/texmf/tex/latex/graphics/graphicx.sty
Package: graphicx 1999/02/16 v1.0f Enhanced LaTeX Graphics (DPC,SPQR)

(/usr/share/texmf/tex/latex/graphics/keyval.sty
Package: keyval 1999/03/16 v1.13 key=value parser (DPC)
\KV@toks@=\toks14
)
(/usr/share/texmf/tex/latex/graphics/graphics.sty
Package: graphics 2001/07/07 v1.0n Standard LaTeX Graphics (DPC,SPQR)

(/usr/share/texmf/tex/latex/graphics/trig.sty
Package: trig 1999/03/16 v1.09 sin cos tan (DPC)
)
(/usr/share/texmf/tex/latex/config/graphics.cfg
File: graphics.cfg 2001/08/31 v1.1 graphics configuration of teTeX/TeXLive
)
Package graphics Info: Driver file: pdftex.def on input line 80.

(/usr/share/texmf/tex/latex/graphics/pdftex.def
File: pdftex.def 2002/06/19 v0.03k graphics/color for pdftex
\Gread@gobject=\count88
))
\Gin@req@height=\dimen104
\Gin@req@width=\dimen105
)
(/usr/share/texmf/tex/latex/misc/url.sty
\Urlmuskip=\muskip10
Package: url 1999/03/28  ver 1.5x  Verb mode for urls, etc.
)
(/usr/share/texmf/tex/latex/tools/longtable.sty
Package: longtable 2000/10/22 v4.10 Multi-page Table package (DPC)
\LTleft=\skip43
\LTright=\skip44
\LTpre=\skip45
\LTpost=\skip46
\LTchunksize=\count89
\LTcapwidth=\dimen106
\LT@head=\box26
\LT@firsthead=\box27
\LT@foot=\box28
\LT@lastfoot=\box29
\LT@cols=\count90
\LT@rows=\count91
\c@LT@tables=\count92
\c@LT@chunks=\count93
\LT@p@ftn=\toks15
)
(/usr/share/texmf/tex/latex/base/latexsym.sty
Package: latexsym 1998/08/17 v2.2e Standard LaTeX package (lasy symbols)
\symlasy=\mathgroup4
LaTeX Font Info:    Overwriting symbol font `lasy' in version `bold'
(Font)                  U/lasy/m/n --> U/lasy/b/n on input line 42.
)
(/usr/share/texmf/tex/latex/psnfss/pifont.sty
Package: pifont 2002/09/08 PSNFSS-v9.0a Pi font support (SPQR) 
LaTeX Font Info:    Try loading font information for U+pzd on input line 62.

(/usr/share/texmf/tex/latex/psnfss/upzd.fd
File: upzd.fd 2001/06/04 font definitions for U/pzd.
)
LaTeX Font Info:    Try loading font information for U+psy on input line 63.

(/usr/share/texmf/tex/latex/psnfss/upsy.fd
File: upsy.fd 2001/06/04 font definitions for U/psy.
))
(/usr/share/texmf/tex/latex/misc/setspace.sty
Package: setspace 2000/12/01 6.7 Contributed and Supported LaTeX2e package

Package: `setspace' 6.7 <2000/12/01>
) (/usr/share/texmf/tex/latex/psnfss/times.sty
Package: times 2002/09/08 PSNFSS-v9.0a (SPQR) 
) (./master.aux)
\openout1 = `master.aux'.

LaTeX Font Info:    Checking defaults for OML/cmm/m/it on input line 46.
LaTeX Font Info:    ... okay on input line 46.
LaTeX Font Info:    Checking defaults for T1/cmr/m/n on input line 46.
LaTeX Font Info:    ... okay on input line 46.
LaTeX Font Info:    Checking defaults for OT1/cmr/m/n on input line 46.
LaTeX Font Info:    ... okay on input line 46.
LaTeX Font Info:    Checking defaults for OMS/cmsy/m/n on input line 46.
LaTeX Font Info:    ... okay on input line 46.
LaTeX Font Info:    Checking defaults for OMX/cmex/m/n on input line 46.
LaTeX Font Info:    ... okay on input line 46.
LaTeX Font Info:    Checking defaults for U/cmr/m/n on input line 46.
LaTeX Font Info:    ... okay on input line 46.
LaTeX Font Info:    Try loading font information for T1+ptm on input line 46.

(/usr/share/texmf/tex/latex/psnfss/t1ptm.fd
File: t1ptm.fd 2001/06/04 font definitions for T1/ptm.
)
\c@lemma=\count94
\c@definition=\count95

<logo3_klein.jpg, id=1, 200.75pt x 147.55125pt>
File: logo3_klein.jpg Graphic file (type jpg)
 <use logo3_klein.jpg>
LaTeX Font Info:    Font shape `T1/ptm/bx/n' in size <10.95> not available
(Font)              Font shape `T1/ptm/b/n' tried instead on input line 82.
LaTeX Font Info:    Font shape `T1/ptm/bx/n' in size <24.88> not available
(Font)              Font shape `T1/ptm/b/n' tried instead on input line 83.
LaTeX Font Info:    Font shape `T1/ptm/bx/n' in size <12> not available
(Font)              Font shape `T1/ptm/b/n' tried instead on input line 102.
LaTeX Font Info:    External font `cmex10' loaded for size
(Font)              <12> on input line 113.
LaTeX Font Info:    External font `cmex10' loaded for size
(Font)              <8> on input line 113.
LaTeX Font Info:    External font `cmex10' loaded for size
(Font)              <6> on input line 113.
LaTeX Font Info:    Try loading font information for U+lasy on input line 113.

(/usr/share/texmf/tex/latex/base/ulasy.fd
File: ulasy.fd 1998/08/17 v2.2e LaTeX symbol font definitions
) [1

{/var/lib/texmf/dvips/config/pdftex.map} <./logo3_klein.jpg>] [2

]
LaTeX Font Info:    External font `cmex10' loaded for size
(Font)              <10.95> on input line 140.

Overfull \hbox (17.0pt too wide) in paragraph at lines 140--143
[][] 
 []

[1] [2

] (./zusammenfassung.tex) [3] [4

] (./danksagung.tex) [5] [6

]
(./master.toc)
\tf@toc=\write3
\openout3 = `master.toc'.

 [7]
Kapitel 1.
LaTeX Font Info:    Font shape `T1/ptm/bx/n' in size <20.74> not available
(Font)              Font shape `T1/ptm/b/n' tried instead on input line 167.
[1


] [2

]
Kapitel 2.
(./relatedwork.tex) [3] [4

]
Kapitel 3.
[5] [6

]
Kapitel 4.
(./methode.tex
LaTeX Font Info:    Font shape `T1/ptm/bx/n' in size <14.4> not available
(Font)              Font shape `T1/ptm/b/n' tried instead on input line 12.
 <leuchtturm.jpg, id=57, 150.5625pt x 99.37125pt>
File: leuchtturm.jpg Graphic file (type jpg)

<use leuchtturm.jpg>
File: leuchtturm.jpg Graphic file (type jpg)
 <use leuchtturm.jpg>
File: leuchtturm.jpg Graphic file (type jpg)
 <use leuchtturm.jpg> [7 <./leuchtturm.jpg>]
LaTeX Font Info:    Try loading font information for T1+pcr on input line 75.
 (/usr/share/texmf/tex/latex/psnfss/t1pcr.fd
File: t1pcr.fd 2001/06/04 font definitions for T1/pcr.
)
LaTeX Info: Redefining \homepage-schlegel on input line 75.
) [8]
Kapitel 5.
[9

] [10

]
Kapitel 6.
[11] [12

] (./master.lof)
\tf@lof=\write4
\openout4 = `master.lof'.

 [13] [14

] (./master.lot)
\tf@lot=\write5
\openout5 = `master.lot'.

 (./master.bbl [15] [16

])
[17] (./master.aux) ) 
Here is how much of TeX's memory you used:
 1472 strings out of 95437
 17308 string characters out of 1190248
 63060 words of memory out of 1000001
 4413 multiletter control sequences out of 10000+50000
 42246 words of font info for 60 fonts, out of 500000 for 1000
 14 hyphenation exceptions out of 1000
 28i,8n,21p,229b,338s stack positions out of 1500i,500n,5000p,200000b,5000s
 117 PDF objects out of 300000
 0 named destinations out of 131072
 10 words of extra memory for PDF output out of 65536
{/usr/share/texmf/dvips/psnfss/8r.enc}{/usr/share/texmf/dv
ips/tetex/bbad153f.enc}</usr/share/texmf/fonts/type1/bluesky/cm/cmsy8.pfb>{/usr
/share/texmf/dvips/tetex/f7b6d320.enc}</usr/share/texmf/fonts/type1/bluesky/cm/
cmbx10.pfb></usr/share/texmf/fonts/type1/bluesky/cm/cmsy10.pfb>{/usr/share/texm
f/dvips/tetex/aae443f0.enc}</usr/share/texmf/fonts/type1/bluesky/cm/cmmi8.pfb><
/usr/share/texmf/fonts/type1/bluesky/cm/cmmi10.pfb></usr/share/texmf/fonts/type
1/bluesky/cm/cmr8.pfb></usr/share/texmf/fonts/type1/bluesky/cm/cmr10.pfb></usr/
share/texmf/fonts/type1/urw/times/utmr8a.pfb>
Output written on master.pdf (26 pages, 71120 bytes).
